生成启动时间为 2015/12/2 星期三 下午 10:34:26。
     1>项目“C:\Users\Administrator\Documents\Visual Studio 2010\Projects\ImageSplice\ImageSplice\ImageSplice.vcxproj”在节点 2 上(build 个目标)。
     1>InitializeBuildStatus:
         正在创建“Debug\ImageSplice.unsuccessfulbuild”，因为已指定“AlwaysCreate”。
       ClCompile:
         f:\visual stdio\VC\bin\CL.exe /c /ZI /nologo /W3 /WX- /Od /Oy- /D WIN32 /D _DEBUG /D _CONSOLE /D _UNICODE /D UNICODE /Gm /EHsc /RTC1 /MDd /GS /fp:precise /Zc:wchar_t /Zc:forScope /Fo"Debug\\" /Fd"Debug\vc100.pdb" /Gd /TC /analyze- /errorReport:prompt sift.c
         sift.c
     1>c:\users\administrator\documents\visual studio 2010\projects\imagesplice\imagesplice\sift.c(82): warning C4244: “=”: 从“double”转换到“int”，可能丢失数据
     1>c:\users\administrator\documents\visual studio 2010\projects\imagesplice\imagesplice\sift.c(88): warning C4047: “函数”:“IplImage *”与“IplImage ***”的间接级别不同
     1>c:\users\administrator\documents\visual studio 2010\projects\imagesplice\imagesplice\sift.c(88): warning C4024: “build_dog_pyr”: 形参和实参 1 的类型不同
     1>c:\users\administrator\documents\visual studio 2010\projects\imagesplice\imagesplice\sift.c(65): warning C4101: “i”: 未引用的局部变量
     1>c:\users\administrator\documents\visual studio 2010\projects\imagesplice\imagesplice\sift.c(63): warning C4101: “storage”: 未引用的局部变量
     1>c:\users\administrator\documents\visual studio 2010\projects\imagesplice\imagesplice\sift.c(64): warning C4101: “features”: 未引用的局部变量
     1>c:\users\administrator\documents\visual studio 2010\projects\imagesplice\imagesplice\sift.c(114): warning C4244: “=”: 从“double”转换到“float”，可能丢失数据
     1>c:\users\administrator\documents\visual studio 2010\projects\imagesplice\imagesplice\sift.c(127): warning C4244: “=”: 从“double”转换到“float”，可能丢失数据
     1>c:\users\administrator\documents\visual studio 2010\projects\imagesplice\imagesplice\sift.c(213): warning C4028: 形参 1 与声明不同
         所有输出均为最新。
       ManifestResourceCompile:
         所有输出均为最新。
       Link:
         f:\visual stdio\VC\bin\link.exe /ERRORREPORT:PROMPT /OUT:"C:\Users\Administrator\Documents\Visual Studio 2010\Projects\ImageSplice\Debug\ImageSplice.exe" /INCREMENTAL /NOLOGO opencv_calib3d248d.lib opencv_contrib248d.lib opencv_core248d.lib opencv_features2d248d.lib opencv_flann248d.lib opencv_gpu248d.lib opencv_highgui248d.lib opencv_imgproc248d.lib opencv_legacy248d.lib opencv_ml248d.lib opencv_nonfree248d.lib opencv_objdetect248d.lib opencv_ocl248d.lib opencv_photo248d.lib opencv_stitching248d.lib opencv_superres248d.lib opencv_ts248d.lib opencv_video248d.lib opencv_videostab248d.lib kernel32.lib user32.lib gdi32.lib winspool.lib comdlg32.lib advapi32.lib shell32.lib ole32.lib oleaut32.lib uuid.lib odbc32.lib odbccp32.lib /MANIFEST /ManifestFile:"Debug\ImageSplice.exe.intermediate.manifest" /MANIFESTUAC:"level='asInvoker' uiAccess='false'" /DEBUG /PDB:"C:\Users\Administrator\Documents\Visual Studio 2010\Projects\ImageSplice\Debug\ImageSplice.pdb" /SUBSYSTEM:CONSOLE /TLBID:1 /DYNAMICBASE /NXCOMPAT /IMPLIB:"C:\Users\Administrator\Documents\Visual Studio 2010\Projects\ImageSplice\Debug\ImageSplice.lib" /MACHINE:X86 Debug\ImageSplice.exe.embed.manifest.res
         Debug\imgfeature.obj
         Debug\main.obj
         Debug\sift.obj
         Debug\utils.obj
       Manifest:
         C:\Program Files (x86)\Microsoft SDKs\Windows\v7.0A\bin\mt.exe /nologo /verbose /out:"Debug\ImageSplice.exe.embed.manifest" /manifest Debug\ImageSplice.exe.intermediate.manifest
         所有输出均为最新。
       LinkEmbedManifest:
         所有输出均为最新。
         ImageSplice.vcxproj -> C:\Users\Administrator\Documents\Visual Studio 2010\Projects\ImageSplice\Debug\ImageSplice.exe
       FinalizeBuildStatus:
         正在删除文件“Debug\ImageSplice.unsuccessfulbuild”。
         正在对“Debug\ImageSplice.lastbuildstate”执行 Touch 任务。
     1>已完成生成项目“C:\Users\Administrator\Documents\Visual Studio 2010\Projects\ImageSplice\ImageSplice\ImageSplice.vcxproj”(build 个目标)的操作。

生成成功。

已用时间 00:00:00.54
